<?xml version="1.0" encoding="UTF-8" ?>
<testsuite failures="0" time="2.326" errors="0" skipped="0" tests="4" name="org.apache.james.mime4j.storage.StorageProviderTest">
  <properties>
[...]
</properties>
  <testcase time="0.01" classname="org.apache.james.mime4j.storage.StorageProviderTest" name="testMemoryStorageProvider"/>
  <testcase time="0.017" classname="org.apache.james.mime4j.storage.StorageProviderTest" name="testTempFileStorageProvider"/>
  <testcase time="0.019" classname="org.apache.james.mime4j.storage.StorageProviderTest" name="testThresholdStorageProvider"/>
  <testcase time="2.277" classname="org.apache.james.mime4j.storage.StorageProviderTest" name="testCipherStorageProvider"/>
</testsuite>